# JRE version: Java(TM) SE Runtime Environment (24.0.1+9) (build 24.0.1+9-30)
# Java VM: Java HotSpot(TM) 64-Bit Server VM (24.0.1+9-30, mixed mode, emulated-client, sharing, tiered, compressed oops, compressed class ptrs, g1 gc, windows-amd64)
GC Precious Log:
 CardTable entry size: 512
 Card Set container configuration: InlinePtr #cards 5 size 8 Array Of Cards #cards 10 size 36 Howl #buckets 4 coarsen threshold 1843 Howl Bitmap #cards 512 size 80 coarsen threshold 460 Card regions per heap region 1 cards per card region 2048
 CPUs: 12 total, 12 available
 Memory: 8061M
 Large Page Support: Disabled
 NUMA Support: Disabled
 Compressed Oops: Enabled (32-bit)
 Heap Region Size: 1M
 Heap Min Capacity: 8M
 Heap Initial Capacity: 126M
 Heap Max Capacity: 2016M
 Pre-touch: Disabled
 Parallel Workers: 10
 Concurrent Workers: 3
 Concurrent Refinement Workers: 10
 Periodic GC: Disabled
Heap:
 garbage-first heap   total reserved 2064384K, committed 61440K, used 32050K [0x0000000082000000, 0x0000000100000000)
  region size 1024K, 7 young (7168K), 4 survivors (4096K)
 Metaspace       used 49895K, committed 50432K, reserved 1114112K
  class space    used 5363K, committed 5568K, reserved 1048576K
GC Heap History (18 events):
Event: 2.384 GC heap before
{Heap before GC invocations=0 (full 0):
 garbage-first heap   total reserved 2064384K, committed 131072K, used 51316K [0x0000000082000000, 0x0000000100000000)
  region size 1024K, 47 young (48128K), 0 survivors (0K)
 Metaspace       used 14050K, committed 14208K, reserved 1114112K
  class space    used 1342K, committed 1408K, reserved 1048576K
}
Event: 2.396 GC heap after
{Heap after GC invocations=1 (full 0):
 garbage-first heap   total reserved 2064384K, committed 131072K, used 11364K [0x0000000082000000, 0x0000000100000000)
  region size 1024K, 6 young (6144K), 6 survivors (6144K)
 Metaspace       used 14050K, committed 14208K, reserved 1114112K
  class space    used 1342K, committed 1408K, reserved 1048576K
}
Event: 3.265 GC heap before
{Heap before GC invocations=1 (full 0):
 garbage-first heap   total reserved 2064384K, committed 131072K, used 50276K [0x0000000082000000, 0x0000000100000000)
  region size 1024K, 46 young (47104K), 6 survivors (6144K)
 Metaspace       used 21291K, committed 21504K, reserved 1114112K
  class space    used 2304K, committed 2368K, reserved 1048576K
}
Event: 3.274 GC heap after
{Heap after GC invocations=2 (full 0):
 garbage-first heap   total reserved 2064384K, committed 131072K, used 13966K [0x0000000082000000, 0x0000000100000000)
  region size 1024K, 3 young (3072K), 3 survivors (3072K)
 Metaspace       used 21291K, committed 21504K, reserved 1114112K
  class space    used 2304K, committed 2368K, reserved 1048576K
}
Event: 3.847 GC heap before
{Heap before GC invocations=3 (full 0):
 garbage-first heap   total reserved 2064384K, committed 55296K, used 51854K [0x0000000082000000, 0x0000000100000000)
  region size 1024K, 41 young (41984K), 3 survivors (3072K)
 Metaspace       used 28582K, committed 28800K, reserved 1114112K
  class space    used 2929K, committed 3008K, reserved 1048576K
}
Event: 3.853 GC heap after
{Heap after GC invocations=4 (full 0):
 garbage-first heap   total reserved 2064384K, committed 61440K, used 17382K [0x0000000082000000, 0x0000000100000000)
  region size 1024K, 6 young (6144K), 6 survivors (6144K)
 Metaspace       used 28582K, committed 28800K, reserved 1114112K
  class space    used 2929K, committed 3008K, reserved 1048576K
}
Event: 4.511 GC heap before
{Heap before GC invocations=4 (full 0):
 garbage-first heap   total reserved 2064384K, committed 61440K, used 42982K [0x0000000082000000, 0x0000000100000000)
  region size 1024K, 31 young (31744K), 6 survivors (6144K)
 Metaspace       used 31343K, committed 31680K, reserved 1114112K
  class space    used 3239K, committed 3392K, reserved 1048576K
}
Event: 4.519 GC heap after
{Heap after GC invocations=5 (full 0):
 garbage-first heap   total reserved 2064384K, committed 61440K, used 19109K [0x0000000082000000, 0x0000000100000000)
  region size 1024K, 3 young (3072K), 3 survivors (3072K)
 Metaspace       used 31343K, committed 31680K, reserved 1114112K
  class space    used 3239K, committed 3392K, reserved 1048576K
}
Event: 5.325 GC heap before
{Heap before GC invocations=5 (full 0):
 garbage-first heap   total reserved 2064384K, committed 61440K, used 44709K [0x0000000082000000, 0x0000000100000000)
  region size 1024K, 29 young (29696K), 3 survivors (3072K)
 Metaspace       used 35238K, committed 35520K, reserved 1114112K
  class space    used 3727K, committed 3840K, reserved 1048576K
}
Event: 5.336 GC heap after
{Heap after GC invocations=6 (full 0):
 garbage-first heap   total reserved 2064384K, committed 61440K, used 21481K [0x0000000082000000, 0x0000000100000000)
  region size 1024K, 3 young (3072K), 3 survivors (3072K)
 Metaspace       used 35238K, committed 35520K, reserved 1114112K
  class space    used 3727K, committed 3840K, reserved 1048576K
}
Event: 5.492 GC heap before
{Heap before GC invocations=6 (full 0):
 garbage-first heap   total reserved 2064384K, committed 61440K, used 24553K [0x0000000082000000, 0x0000000100000000)
  region size 1024K, 8 young (8192K), 3 survivors (3072K)
 Metaspace       used 35825K, committed 36096K, reserved 1114112K
  class space    used 3803K, committed 3904K, reserved 1048576K
}
Event: 5.499 GC heap after
{Heap after GC invocations=7 (full 0):
 garbage-first heap   total reserved 2064384K, committed 61440K, used 22034K [0x0000000082000000, 0x0000000100000000)
  region size 1024K, 1 young (1024K), 1 survivors (1024K)
 Metaspace       used 35825K, committed 36096K, reserved 1114112K
  class space    used 3803K, committed 3904K, reserved 1048576K
}
Event: 6.257 GC heap before
{Heap before GC invocations=8 (full 0):
 garbage-first heap   total reserved 2064384K, committed 61440K, used 49682K [0x0000000082000000, 0x0000000100000000)
  region size 1024K, 28 young (28672K), 1 survivors (1024K)
 Metaspace       used 38979K, committed 39488K, reserved 1114112K
  class space    used 4202K, committed 4416K, reserved 1048576K
}
Event: 6.260 GC heap after
{Heap after GC invocations=9 (full 0):
 garbage-first heap   total reserved 2064384K, committed 61440K, used 24305K [0x0000000082000000, 0x0000000100000000)
  region size 1024K, 3 young (3072K), 3 survivors (3072K)
 Metaspace       used 38979K, committed 39488K, reserved 1114112K
  class space    used 4202K, committed 4416K, reserved 1048576K
}
Event: 12.370 GC heap before
{Heap before GC invocations=9 (full 0):
 garbage-first heap   total reserved 2064384K, committed 61440K, used 50929K [0x0000000082000000, 0x0000000100000000)
  region size 1024K, 29 young (29696K), 3 survivors (3072K)
 Metaspace       used 42938K, committed 43520K, reserved 1114112K
  class space    used 4657K, committed 4928K, reserved 1048576K
}
Event: 12.376 GC heap after
{Heap after GC invocations=10 (full 0):
 garbage-first heap   total reserved 2064384K, committed 61440K, used 26067K [0x0000000082000000, 0x0000000100000000)
  region size 1024K, 2 young (2048K), 2 survivors (2048K)
 Metaspace       used 42938K, committed 43520K, reserved 1114112K
  class space    used 4657K, committed 4928K, reserved 1048576K
}
Event: 21.425 GC heap before
{Heap before GC invocations=10 (full 0):
 garbage-first heap   total reserved 2064384K, committed 61440K, used 51667K [0x0000000082000000, 0x0000000100000000)
  region size 1024K, 28 young (28672K), 2 survivors (2048K)
 Metaspace       used 49093K, committed 49664K, reserved 1114112K
  class space    used 5275K, committed 5504K, reserved 1048576K
}
Event: 21.430 GC heap after
{Heap after GC invocations=11 (full 0):
 garbage-first heap   total reserved 2064384K, committed 61440K, used 30002K [0x0000000082000000, 0x0000000100000000)
  region size 1024K, 4 young (4096K), 4 survivors (4096K)
 Metaspace       used 49093K, committed 49664K, reserved 1114112K
  class space    used 5275K, committed 5504K, reserved 1048576K
}

