# JRE version: Java(TM) SE Runtime Environment (24.0.1+9) (build 24.0.1+9-30)
# Java VM: Java HotSpot(TM) 64-Bit Server VM (24.0.1+9-30, mixed mode, emulated-client, sharing, tiered, compressed oops, compressed class ptrs, g1 gc, windows-amd64)
GC Precious Log:
 CardTable entry size: 512
 Card Set container configuration: InlinePtr #cards 5 size 8 Array Of Cards #cards 10 size 36 Howl #buckets 4 coarsen threshold 1843 Howl Bitmap #cards 512 size 80 coarsen threshold 460 Card regions per heap region 1 cards per card region 2048
 CPUs: 12 total, 12 available
 Memory: 8061M
 Large Page Support: Disabled
 NUMA Support: Disabled
 Compressed Oops: Enabled (32-bit)
 Heap Region Size: 1M
 Heap Min Capacity: 8M
 Heap Initial Capacity: 126M
 Heap Max Capacity: 2016M
 Pre-touch: Disabled
 Parallel Workers: 10
 Concurrent Workers: 3
 Concurrent Refinement Workers: 10
 Periodic GC: Disabled
Heap:
 garbage-first heap   total reserved 2064384K, committed 61440K, used 46946K [0x0000000082000000, 0x0000000100000000)
  region size 1024K, 19 young (19456K), 4 survivors (4096K)
 Metaspace       used 69967K, committed 70592K, reserved 1114112K
  class space    used 7656K, committed 7936K, reserved 1048576K
GC Heap History (20 events):
Event: 7.126 GC heap before
{Heap before GC invocations=6 (full 0):
 garbage-first heap   total reserved 2064384K, committed 51200K, used 39680K [0x0000000082000000, 0x0000000100000000)
  region size 1024K, 22 young (22528K), 2 survivors (2048K)
 Metaspace       used 32525K, committed 32896K, reserved 1114112K
  class space    used 3367K, committed 3520K, reserved 1048576K
}
Event: 7.133 GC heap after
{Heap after GC invocations=7 (full 0):
 garbage-first heap   total reserved 2064384K, committed 51200K, used 20699K [0x0000000082000000, 0x0000000100000000)
  region size 1024K, 3 young (3072K), 3 survivors (3072K)
 Metaspace       used 32525K, committed 32896K, reserved 1114112K
  class space    used 3367K, committed 3520K, reserved 1048576K
}
Event: 7.809 GC heap before
{Heap before GC invocations=7 (full 0):
 garbage-first heap   total reserved 2064384K, committed 51200K, used 41179K [0x0000000082000000, 0x0000000100000000)
  region size 1024K, 23 young (23552K), 3 survivors (3072K)
 Metaspace       used 35511K, committed 35968K, reserved 1114112K
  class space    used 3733K, committed 3904K, reserved 1048576K
}
Event: 7.817 GC heap after
{Heap after GC invocations=8 (full 0):
 garbage-first heap   total reserved 2064384K, committed 51200K, used 22621K [0x0000000082000000, 0x0000000100000000)
  region size 1024K, 2 young (2048K), 2 survivors (2048K)
 Metaspace       used 35511K, committed 35968K, reserved 1114112K
  class space    used 3733K, committed 3904K, reserved 1048576K
}
Event: 7.857 GC heap before
{Heap before GC invocations=8 (full 0):
 garbage-first heap   total reserved 2064384K, committed 51200K, used 23645K [0x0000000082000000, 0x0000000100000000)
  region size 1024K, 4 young (4096K), 2 survivors (2048K)
 Metaspace       used 35714K, committed 36096K, reserved 1114112K
  class space    used 3748K, committed 3904K, reserved 1048576K
}
Event: 7.861 GC heap after
{Heap after GC invocations=9 (full 0):
 garbage-first heap   total reserved 2064384K, committed 61440K, used 22897K [0x0000000082000000, 0x0000000100000000)
  region size 1024K, 1 young (1024K), 1 survivors (1024K)
 Metaspace       used 35714K, committed 36096K, reserved 1114112K
  class space    used 3748K, committed 3904K, reserved 1048576K
}
Event: 8.832 GC heap before
{Heap before GC invocations=10 (full 0):
 garbage-first heap   total reserved 2064384K, committed 61440K, used 50545K [0x0000000082000000, 0x0000000100000000)
  region size 1024K, 29 young (29696K), 1 survivors (1024K)
 Metaspace       used 41082K, committed 41472K, reserved 1114112K
  class space    used 4283K, committed 4416K, reserved 1048576K
}
Event: 8.839 GC heap after
{Heap after GC invocations=11 (full 0):
 garbage-first heap   total reserved 2064384K, committed 61440K, used 24376K [0x0000000082000000, 0x0000000100000000)
  region size 1024K, 2 young (2048K), 2 survivors (2048K)
 Metaspace       used 41082K, committed 41472K, reserved 1114112K
  class space    used 4283K, committed 4416K, reserved 1048576K
}
Event: 9.856 GC heap before
{Heap before GC invocations=11 (full 0):
 garbage-first heap   total reserved 2064384K, committed 61440K, used 53048K [0x0000000082000000, 0x0000000100000000)
  region size 1024K, 30 young (30720K), 2 survivors (2048K)
 Metaspace       used 46799K, committed 47232K, reserved 1114112K
  class space    used 4956K, committed 5184K, reserved 1048576K
}
Event: 9.863 GC heap after
{Heap after GC invocations=12 (full 0):
 garbage-first heap   total reserved 2064384K, committed 61440K, used 25940K [0x0000000082000000, 0x0000000100000000)
  region size 1024K, 4 young (4096K), 4 survivors (4096K)
 Metaspace       used 46799K, committed 47232K, reserved 1114112K
  class space    used 4956K, committed 5184K, reserved 1048576K
}
Event: 10.677 GC heap before
{Heap before GC invocations=12 (full 0):
 garbage-first heap   total reserved 2064384K, committed 61440K, used 52564K [0x0000000082000000, 0x0000000100000000)
  region size 1024K, 31 young (31744K), 4 survivors (4096K)
 Metaspace       used 53923K, committed 54400K, reserved 1114112K
  class space    used 5673K, committed 5888K, reserved 1048576K
}
Event: 10.684 GC heap after
{Heap after GC invocations=13 (full 0):
 garbage-first heap   total reserved 2064384K, committed 61440K, used 27025K [0x0000000082000000, 0x0000000100000000)
  region size 1024K, 3 young (3072K), 3 survivors (3072K)
 Metaspace       used 53923K, committed 54400K, reserved 1114112K
  class space    used 5673K, committed 5888K, reserved 1048576K
}
Event: 11.411 GC heap before
{Heap before GC invocations=13 (full 0):
 garbage-first heap   total reserved 2064384K, committed 61440K, used 51601K [0x0000000082000000, 0x0000000100000000)
  region size 1024K, 28 young (28672K), 3 survivors (3072K)
 Metaspace       used 59843K, committed 60288K, reserved 1114112K
  class space    used 6391K, committed 6592K, reserved 1048576K
}
Event: 11.418 GC heap after
{Heap after GC invocations=14 (full 0):
 garbage-first heap   total reserved 2064384K, committed 61440K, used 28001K [0x0000000082000000, 0x0000000100000000)
  region size 1024K, 2 young (2048K), 2 survivors (2048K)
 Metaspace       used 59843K, committed 60288K, reserved 1114112K
  class space    used 6391K, committed 6592K, reserved 1048576K
}
Event: 12.132 GC heap before
{Heap before GC invocations=15 (full 0):
 garbage-first heap   total reserved 2064384K, committed 61440K, used 55649K [0x0000000082000000, 0x0000000100000000)
  region size 1024K, 29 young (29696K), 2 survivors (2048K)
 Metaspace       used 63748K, committed 64256K, reserved 1114112K
  class space    used 6871K, committed 7104K, reserved 1048576K
}
Event: 12.138 GC heap after
{Heap after GC invocations=16 (full 0):
 garbage-first heap   total reserved 2064384K, committed 61440K, used 30085K [0x0000000082000000, 0x0000000100000000)
  region size 1024K, 4 young (4096K), 4 survivors (4096K)
 Metaspace       used 63748K, committed 64256K, reserved 1114112K
  class space    used 6871K, committed 7104K, reserved 1048576K
}
Event: 13.192 GC heap before
{Heap before GC invocations=16 (full 0):
 garbage-first heap   total reserved 2064384K, committed 61440K, used 52613K [0x0000000082000000, 0x0000000100000000)
  region size 1024K, 27 young (27648K), 4 survivors (4096K)
 Metaspace       used 66506K, committed 67072K, reserved 1114112K
  class space    used 7202K, committed 7424K, reserved 1048576K
}
Event: 13.197 GC heap after
{Heap after GC invocations=17 (full 0):
 garbage-first heap   total reserved 2064384K, committed 61440K, used 31760K [0x0000000082000000, 0x0000000100000000)
  region size 1024K, 4 young (4096K), 4 survivors (4096K)
 Metaspace       used 66506K, committed 67072K, reserved 1114112K
  class space    used 7202K, committed 7424K, reserved 1048576K
}
Event: 14.406 GC heap before
{Heap before GC invocations=17 (full 0):
 garbage-first heap   total reserved 2064384K, committed 61440K, used 53264K [0x0000000082000000, 0x0000000100000000)
  region size 1024K, 25 young (25600K), 4 survivors (4096K)
 Metaspace       used 68845K, committed 69440K, reserved 1114112K
  class space    used 7504K, committed 7744K, reserved 1048576K
}
Event: 14.411 GC heap after
{Heap after GC invocations=18 (full 0):
 garbage-first heap   total reserved 2064384K, committed 61440K, used 33634K [0x0000000082000000, 0x0000000100000000)
  region size 1024K, 4 young (4096K), 4 survivors (4096K)
 Metaspace       used 68845K, committed 69440K, reserved 1114112K
  class space    used 7504K, committed 7744K, reserved 1048576K
}

