# JRE version: Java(TM) SE Runtime Environment (24.0.1+9) (build 24.0.1+9-30)
# Java VM: Java HotSpot(TM) 64-Bit Server VM (24.0.1+9-30, mixed mode, emulated-client, sharing, tiered, compressed oops, compressed class ptrs, g1 gc, windows-amd64)
GC Precious Log:
 CardTable entry size: 512
 Card Set container configuration: InlinePtr #cards 5 size 8 Array Of Cards #cards 10 size 36 Howl #buckets 4 coarsen threshold 1843 Howl Bitmap #cards 512 size 80 coarsen threshold 460 Card regions per heap region 1 cards per card region 2048
 CPUs: 12 total, 12 available
 Memory: 8061M
 Large Page Support: Disabled
 NUMA Support: Disabled
 Compressed Oops: Enabled (32-bit)
 Heap Region Size: 1M
 Heap Min Capacity: 8M
 Heap Initial Capacity: 126M
 Heap Max Capacity: 2016M
 Pre-touch: Disabled
 Parallel Workers: 10
 Concurrent Workers: 3
 Concurrent Refinement Workers: 10
 Periodic GC: Disabled
Heap:
 garbage-first heap   total reserved 2064384K, committed 69632K, used 55401K [0x0000000082000000, 0x0000000100000000)
  region size 1024K, 30 young (30720K), 5 survivors (5120K)
 Metaspace       used 71229K, committed 71872K, reserved 1114112K
  class space    used 7787K, committed 8064K, reserved 1048576K
GC Heap History (20 events):
Event: 3.792 GC heap before
{Heap before GC invocations=4 (full 0):
 garbage-first heap   total reserved 2064384K, committed 57344K, used 40789K [0x0000000082000000, 0x0000000100000000)
  region size 1024K, 29 young (29696K), 6 survivors (6144K)
 Metaspace       used 28830K, committed 29120K, reserved 1114112K
  class space    used 2895K, committed 3008K, reserved 1048576K
}
Event: 3.802 GC heap after
{Heap after GC invocations=5 (full 0):
 garbage-first heap   total reserved 2064384K, committed 57344K, used 18584K [0x0000000082000000, 0x0000000100000000)
  region size 1024K, 3 young (3072K), 3 survivors (3072K)
 Metaspace       used 28830K, committed 29120K, reserved 1114112K
  class space    used 2895K, committed 3008K, reserved 1048576K
}
Event: 4.357 GC heap before
{Heap before GC invocations=5 (full 0):
 garbage-first heap   total reserved 2064384K, committed 57344K, used 43160K [0x0000000082000000, 0x0000000100000000)
  region size 1024K, 27 young (27648K), 3 survivors (3072K)
 Metaspace       used 31696K, committed 32128K, reserved 1114112K
  class space    used 3274K, committed 3456K, reserved 1048576K
}
Event: 4.363 GC heap after
{Heap after GC invocations=6 (full 0):
 garbage-first heap   total reserved 2064384K, committed 57344K, used 19891K [0x0000000082000000, 0x0000000100000000)
  region size 1024K, 4 young (4096K), 4 survivors (4096K)
 Metaspace       used 31696K, committed 32128K, reserved 1114112K
  class space    used 3274K, committed 3456K, reserved 1048576K
}
Event: 4.901 GC heap before
{Heap before GC invocations=6 (full 0):
 garbage-first heap   total reserved 2064384K, committed 57344K, used 45491K [0x0000000082000000, 0x0000000100000000)
  region size 1024K, 29 young (29696K), 4 survivors (4096K)
 Metaspace       used 35522K, committed 35968K, reserved 1114112K
  class space    used 3742K, committed 3904K, reserved 1048576K
}
Event: 4.909 GC heap after
{Heap after GC invocations=7 (full 0):
 garbage-first heap   total reserved 2064384K, committed 57344K, used 21961K [0x0000000082000000, 0x0000000100000000)
  region size 1024K, 4 young (4096K), 4 survivors (4096K)
 Metaspace       used 35522K, committed 35968K, reserved 1114112K
  class space    used 3742K, committed 3904K, reserved 1048576K
}
Event: 4.939 GC heap before
{Heap before GC invocations=7 (full 0):
 garbage-first heap   total reserved 2064384K, committed 57344K, used 22985K [0x0000000082000000, 0x0000000100000000)
  region size 1024K, 6 young (6144K), 4 survivors (4096K)
 Metaspace       used 35734K, committed 36096K, reserved 1114112K
  class space    used 3760K, committed 3904K, reserved 1048576K
}
Event: 4.945 GC heap after
{Heap after GC invocations=8 (full 0):
 garbage-first heap   total reserved 2064384K, committed 69632K, used 22525K [0x0000000082000000, 0x0000000100000000)
  region size 1024K, 1 young (1024K), 1 survivors (1024K)
 Metaspace       used 35734K, committed 36096K, reserved 1114112K
  class space    used 3760K, committed 3904K, reserved 1048576K
}
Event: 6.402 GC heap before
{Heap before GC invocations=9 (full 0):
 garbage-first heap   total reserved 2064384K, committed 69632K, used 56317K [0x0000000082000000, 0x0000000100000000)
  region size 1024K, 34 young (34816K), 1 survivors (1024K)
 Metaspace       used 42254K, committed 42752K, reserved 1114112K
  class space    used 4407K, committed 4608K, reserved 1048576K
}
Event: 6.407 GC heap after
{Heap after GC invocations=10 (full 0):
 garbage-first heap   total reserved 2064384K, committed 69632K, used 23935K [0x0000000082000000, 0x0000000100000000)
  region size 1024K, 3 young (3072K), 3 survivors (3072K)
 Metaspace       used 42254K, committed 42752K, reserved 1114112K
  class space    used 4407K, committed 4608K, reserved 1048576K
}
Event: 7.915 GC heap before
{Heap before GC invocations=10 (full 0):
 garbage-first heap   total reserved 2064384K, committed 69632K, used 57727K [0x0000000082000000, 0x0000000100000000)
  region size 1024K, 36 young (36864K), 3 survivors (3072K)
 Metaspace       used 49252K, committed 49728K, reserved 1114112K
  class space    used 5173K, committed 5376K, reserved 1048576K
}
Event: 7.924 GC heap after
{Heap after GC invocations=11 (full 0):
 garbage-first heap   total reserved 2064384K, committed 69632K, used 25778K [0x0000000082000000, 0x0000000100000000)
  region size 1024K, 4 young (4096K), 4 survivors (4096K)
 Metaspace       used 49252K, committed 49728K, reserved 1114112K
  class space    used 5173K, committed 5376K, reserved 1048576K
}
Event: 9.735 GC heap before
{Heap before GC invocations=11 (full 0):
 garbage-first heap   total reserved 2064384K, committed 69632K, used 58546K [0x0000000082000000, 0x0000000100000000)
  region size 1024K, 37 young (37888K), 4 survivors (4096K)
 Metaspace       used 57859K, committed 58368K, reserved 1114112K
  class space    used 6170K, committed 6400K, reserved 1048576K
}
Event: 9.743 GC heap after
{Heap after GC invocations=12 (full 0):
 garbage-first heap   total reserved 2064384K, committed 69632K, used 27052K [0x0000000082000000, 0x0000000100000000)
  region size 1024K, 4 young (4096K), 4 survivors (4096K)
 Metaspace       used 57859K, committed 58368K, reserved 1114112K
  class space    used 6170K, committed 6400K, reserved 1048576K
}
Event: 10.187 GC heap before
{Heap before GC invocations=12 (full 0):
 garbage-first heap   total reserved 2064384K, committed 69632K, used 36268K [0x0000000082000000, 0x0000000100000000)
  region size 1024K, 14 young (14336K), 4 survivors (4096K)
 Metaspace       used 59852K, committed 60288K, reserved 1114112K
  class space    used 6402K, committed 6592K, reserved 1048576K
}
Event: 10.192 GC heap after
{Heap after GC invocations=13 (full 0):
 garbage-first heap   total reserved 2064384K, committed 69632K, used 27513K [0x0000000082000000, 0x0000000100000000)
  region size 1024K, 2 young (2048K), 2 survivors (2048K)
 Metaspace       used 59852K, committed 60288K, reserved 1114112K
  class space    used 6402K, committed 6592K, reserved 1048576K
}
Event: 11.419 GC heap before
{Heap before GC invocations=14 (full 0):
 garbage-first heap   total reserved 2064384K, committed 69632K, used 62329K [0x0000000082000000, 0x0000000100000000)
  region size 1024K, 36 young (36864K), 2 survivors (2048K)
 Metaspace       used 64048K, committed 64512K, reserved 1114112K
  class space    used 6903K, committed 7104K, reserved 1048576K
}
Event: 11.423 GC heap after
{Heap after GC invocations=15 (full 0):
 garbage-first heap   total reserved 2064384K, committed 69632K, used 29671K [0x0000000082000000, 0x0000000100000000)
  region size 1024K, 4 young (4096K), 4 survivors (4096K)
 Metaspace       used 64048K, committed 64512K, reserved 1114112K
  class space    used 6903K, committed 7104K, reserved 1048576K
}
Event: 12.412 GC heap before
{Heap before GC invocations=15 (full 0):
 garbage-first heap   total reserved 2064384K, committed 69632K, used 61415K [0x0000000082000000, 0x0000000100000000)
  region size 1024K, 35 young (35840K), 4 survivors (4096K)
 Metaspace       used 67990K, committed 68480K, reserved 1114112K
  class space    used 7419K, committed 7616K, reserved 1048576K
}
Event: 12.417 GC heap after
{Heap after GC invocations=16 (full 0):
 garbage-first heap   total reserved 2064384K, committed 69632K, used 31849K [0x0000000082000000, 0x0000000100000000)
  region size 1024K, 5 young (5120K), 5 survivors (5120K)
 Metaspace       used 67990K, committed 68480K, reserved 1114112K
  class space    used 7419K, committed 7616K, reserved 1048576K
}

